<?xml version="1.0" encoding="UTF-8"?>
<!-- Generated by org.testng.reporters.JUnitXMLReporter -->
<testsuite ignored="2" hostname="HC-5ZBQ6S3" failures="0" tests="2" name="priority2" time="0.031" errors="0" timestamp="2024-05-20T11:30:51 IST">
  <testcase classname="test.test3" name="test3SecondDemo" time="0.004"/>
  <testcase classname="test.test4" name="test4FirstDemo" time="0.005"/>
  <testcase classname="test.test4" name="test4SecondDemo" time="0.0">
    <ignored/>
  </testcase> <!-- test4SecondDemo -->
  <testcase classname="test.test3" name="test3FirstDemo" time="0.0">
    <ignored/>
  </testcase> <!-- test3FirstDemo -->
</testsuite> <!-- priority2 -->
