<?xml version="1.0" encoding="UTF-8"?>
<!-- Generated by org.testng.reporters.JUnitXMLReporter -->
<testsuite ignored="0" hostname="HC-5ZBQ6S3" failures="0" tests="4" name="Test" time="0.03" errors="0" timestamp="2024-05-16T23:39:32 IST">
  <testcase classname="test.test1" name="firstDemo" time="0.004"/>
  <testcase classname="test.test1" name="secondDemo" time="0.001"/>
  <testcase classname="test.test2" name="test2FirstDemo" time="0.0"/>
  <testcase classname="test.test2" name="test2SecondDemo" time="0.001"/>
</testsuite> <!-- Test -->
